
                                DATE: 12/27/2018
                                  TIME: 16:38


                                L I S R E L  8.72

                                       BY

                         Karl G. J”reskog & Dag S”rbom



                    This program is published exclusively by
                    Scientific Software International, Inc.
                       7383 N. Lincoln Avenue, Suite 100
                        Lincolnwood, IL 60712, U.S.A. 
            Phone: (800)247-6113, (847)675-0720, Fax: (847)675-2140
        Copyright by Scientific Software International, Inc., 1981-2005 
          Use of this program is subject to the terms specified in the
                        Universal Copyright Convention.
                          Website: www.ssicentral.com

 The following lines were read from file F:\¦hÅÜ¶q\´Á¥½\CD\TXT\G06-1.txt:

 Dissertation - Bitcoin Only Taiwan
 Observed Variables
 A3 A4 A5 B1 B2 B3 C1 C2 C3 D1 D2 D3 E1 E2 E3 F1 F2 F3 G1 G2 H1 H2 I1 I2 I3 J1 J2 J3 K1 K2 K3 K4
  
 Correlation Matrix
 *
  
  
 1.000
 .846 1.000
 .789 .851 1.000
 .620 .646 .662 1.000
 .531 .561 .559 .733 1.000
 .651 .663 .677 .819 .705 1.000
 .706 .704 .736 .668 .569 .739 1.000
 .663 .660 .691 .715 .705 .754 .796 1.000
 .704 .704 .740 .660 .504 .713 .857 .744 1.000
 .645 .660 .689 .700 .598 .728 .793 .755 .771 1.000
 .609 .612 .657 .654 .681 .674 .670 .751 .637 .773 1.000
 .639 .664 .685 .630 .567 .676 .782 .718 .735 .802 .782 1.000
 .133 .128 .108 .024 .073 .092 .124 .084 .068 .123 .103  .135 1.000
 .202 .199 .188 .070 .057 .126 .169 .123 .147 .156 .114  .134 .826 1.000
 .199 .187 .187 .052 .025 .128 .193 .121 .180 .208 .110 .155 .769 .810 1.000
 .309 .292 .286 .238 .272 .243 .289 .307 .267 .320 .296 .285 .536 .513 .500 1.000
 .124 .110 .110 .156 .331 .133 .120 .216 .084 .185 .242 .187 .410 .360 .342 .634 1.000
 .143 .133 .104 .146 .271 .130 .153 .188 .109 .221 .201 .195 .455 .419 .382 .693 .802 1.000
 .488 .494 .505 .516 .496 .529 .542 .557 .520 .584 .506 .526 .085 .113 .124 .270 .282 .261 1.000
 .485 .486 .505 .452 .386 .503 .546 .489 .567 .517 .469 .516 .089 .139 .163 .238 .191 .171 .684 1.000
 .182 .154 .171 .083 .212 .113 .178 .200 .123 .239 .234 .191 .564 .525 .504 .652 .567 .607 .234 .200 1.000
 .270 .282 .284 .326 .359 .308 .287 .341 .233 .300 .292 .310 .183 .224 .181 .174 .207 .177 .444 .346 .211 1.000
 .098 .094 .124 .016 .069 .020 .077 .067 .038 .125 .074 .102 .521 .495 .447 .389 .387 .414 .018 .080 .527 .280 1.000
 .060 .045 .075 -.043 .058 -.029 .038 .047 -.033 .072 .083 .078 .577 .535 .493 .418 .445 .449 .014 .025 .570 .238 .859 1.000
 .035 .021 .052 .017 .130 .016 .044 .060 -.051 .097 .114 .069 .491 .426 .399 .370 .415 .428 .017 -.003 .503 .305 .779 .804 1.000
 .020 -.014 .027 .009 .132 .023 -.001 .061 -.045 .070 .073 -.005 .429 .443 .414 .364 .434 .412 .008 -.018 .500 .282 .654 .652 .689 1.000
 .006 -.018 -.004 -.063 .094 -.035 -.015 .033 -.053 .058 .029 .002 .437 .405 .379 .375 .481 .445 .046 .013 .489 .308 .651 .636 .676 .778 1.000
 .045 .013 .057 -.034 .097 -.006 .051 .069 -.015 .110 .088 .073 .474 .464 .475 .407 .436 .476 .060 .051 .521 .272 .635 .669 .660 .713 .765 1.000
 .504 .519 .538 .494 .431 .522 .504 .548 .508 .546 .549 .519 .120 .175 .154 .413 .281 .296 .511 .499 .286 .330 .100 .101 .077 .139 .098 .149 1.000
 .525 .559 .586 .484 .413 .509 .540 .501 .533 .549 .521 .523 .123 .163 .157 .399 .232 .263 .504 .487 .292 .326 .170 .122 .106 .079 .073 .113 .773 1.000
 .301 .275 .293 .374 .445 .330 .288 .371 .219 .374 .426 .319 .083 .047 .024 .370 .436 .436 .344 .249 .322 .284 .235 .221 .312 .336 .320 .274 .480 .472 1.000
 .516 .557 .553 .469 .472 .519 .554 .565 .500 .522 .543 .529 .088 .101 .127 .284 .193 .183 .541 .525 .178 .391 .047 .021 .001 .055 .046 .045 .641 .606 .465 1.000
  
  
  
  
 Sample Size 439
 Latent Variables: BI AT CE DC PE FB GD HD IU JJ KO TOTAL
 Relationships:
 B1 B2 B3 = BI
 A3 A4 A5 = AT
 C1 C2 C3 = CE
 D1 D2 D3 = DC
 E1 E2 E3 = PE
 F1 F2 F3 = FB
 G1 G2 = GD
 H1 H2 = HD
 I1 I2 I3 = IU
 J1 J2 J3 = JJ
 K1 K2 K3 K4 = KO
 BI AT CE DC PE FB GD HD IU JJ KO = TOTAL
  
  
 Number of Decimals = 2
 Wide Print
 Print Residuals
 path diagram
 End of Problem

 Sample Size =   439

 Dissertation - Bitcoin Only Taiwan                                             

         Correlation Matrix      

                  A3         A4         A5         B1         B2         B3         C1         C2         C3         D1   
            --------   --------   --------   --------   --------   --------   --------   --------   --------   --------
       A3       1.00
       A4       0.85       1.00
       A5       0.79       0.85       1.00
       B1       0.62       0.65       0.66       1.00
       B2       0.53       0.56       0.56       0.73       1.00
       B3       0.65       0.66       0.68       0.82       0.70       1.00
       C1       0.71       0.70       0.74       0.67       0.57       0.74       1.00
       C2       0.66       0.66       0.69       0.71       0.70       0.75       0.80       1.00
       C3       0.70       0.70       0.74       0.66       0.50       0.71       0.86       0.74       1.00
       D1       0.65       0.66       0.69       0.70       0.60       0.73       0.79       0.76       0.77       1.00
       D2       0.61       0.61       0.66       0.65       0.68       0.67       0.67       0.75       0.64       0.77
       D3       0.64       0.66       0.69       0.63       0.57       0.68       0.78       0.72       0.73       0.80
       E1       0.13       0.13       0.11       0.02       0.07       0.09       0.12       0.08       0.07       0.12
       E2       0.20       0.20       0.19       0.07       0.06       0.13       0.17       0.12       0.15       0.16
       E3       0.20       0.19       0.19       0.05       0.03       0.13       0.19       0.12       0.18       0.21
       F1       0.31       0.29       0.29       0.24       0.27       0.24       0.29       0.31       0.27       0.32
       F2       0.12       0.11       0.11       0.16       0.33       0.13       0.12       0.22       0.08       0.18
       F3       0.14       0.13       0.10       0.15       0.27       0.13       0.15       0.19       0.11       0.22
       G1       0.49       0.49       0.51       0.52       0.50       0.53       0.54       0.56       0.52       0.58
       G2       0.48       0.49       0.51       0.45       0.39       0.50       0.55       0.49       0.57       0.52
       H1       0.18       0.15       0.17       0.08       0.21       0.11       0.18       0.20       0.12       0.24
       H2       0.27       0.28       0.28       0.33       0.36       0.31       0.29       0.34       0.23       0.30
       I1       0.10       0.09       0.12       0.02       0.07       0.02       0.08       0.07       0.04       0.13
       I2       0.06       0.04       0.07      -0.04       0.06      -0.03       0.04       0.05      -0.03       0.07
       I3       0.04       0.02       0.05       0.02       0.13       0.02       0.04       0.06      -0.05       0.10
       J1       0.02      -0.01       0.03       0.01       0.13       0.02       0.00       0.06      -0.04       0.07
       J2       0.01      -0.02       0.00      -0.06       0.09      -0.04      -0.01       0.03      -0.05       0.06
       J3       0.04       0.01       0.06      -0.03       0.10      -0.01       0.05       0.07      -0.01       0.11
       K1       0.50       0.52       0.54       0.49       0.43       0.52       0.50       0.55       0.51       0.55
       K2       0.53       0.56       0.59       0.48       0.41       0.51       0.54       0.50       0.53       0.55
       K3       0.30       0.28       0.29       0.37       0.45       0.33       0.29       0.37       0.22       0.37
       K4       0.52       0.56       0.55       0.47       0.47       0.52       0.55       0.56       0.50       0.52

         Correlation Matrix      

                  D2         D3         E1         E2         E3         F1         F2         F3         G1         G2   
            --------   --------   --------   --------   --------   --------   --------   --------   --------   --------
       D2       1.00
       D3       0.78       1.00
       E1       0.10       0.14       1.00
       E2       0.11       0.13       0.83       1.00
       E3       0.11       0.15       0.77       0.81       1.00
       F1       0.30       0.28       0.54       0.51       0.50       1.00
       F2       0.24       0.19       0.41       0.36       0.34       0.63       1.00
       F3       0.20       0.20       0.46       0.42       0.38       0.69       0.80       1.00
       G1       0.51       0.53       0.09       0.11       0.12       0.27       0.28       0.26       1.00
       G2       0.47       0.52       0.09       0.14       0.16       0.24       0.19       0.17       0.68       1.00
       H1       0.23       0.19       0.56       0.53       0.50       0.65       0.57       0.61       0.23       0.20
       H2       0.29       0.31       0.18       0.22       0.18       0.17       0.21       0.18       0.44       0.35
       I1       0.07       0.10       0.52       0.49       0.45       0.39       0.39       0.41       0.02       0.08
       I2       0.08       0.08       0.58       0.54       0.49       0.42       0.45       0.45       0.01       0.03
       I3       0.11       0.07       0.49       0.43       0.40       0.37       0.41       0.43       0.02       0.00
       J1       0.07      -0.01       0.43       0.44       0.41       0.36       0.43       0.41       0.01      -0.02
       J2       0.03       0.00       0.44       0.41       0.38       0.38       0.48       0.45       0.05       0.01
       J3       0.09       0.07       0.47       0.46       0.47       0.41       0.44       0.48       0.06       0.05
       K1       0.55       0.52       0.12       0.17       0.15       0.41       0.28       0.30       0.51       0.50
       K2       0.52       0.52       0.12       0.16       0.16       0.40       0.23       0.26       0.50       0.49
       K3       0.43       0.32       0.08       0.05       0.02       0.37       0.44       0.44       0.34       0.25
       K4       0.54       0.53       0.09       0.10       0.13       0.28       0.19       0.18       0.54       0.53

         Correlation Matrix      

                  H1         H2         I1         I2         I3         J1         J2         J3         K1         K2   
            --------   --------   --------   --------   --------   --------   --------   --------   --------   --------
       H1       1.00
       H2       0.21       1.00
       I1       0.53       0.28       1.00
       I2       0.57       0.24       0.86       1.00
       I3       0.50       0.30       0.78       0.80       1.00
       J1       0.50       0.28       0.65       0.65       0.69       1.00
       J2       0.49       0.31       0.65       0.64       0.68       0.78       1.00
       J3       0.52       0.27       0.64       0.67       0.66       0.71       0.77       1.00
       K1       0.29       0.33       0.10       0.10       0.08       0.14       0.10       0.15       1.00
       K2       0.29       0.33       0.17       0.12       0.11       0.08       0.07       0.11       0.77       1.00
       K3       0.32       0.28       0.23       0.22       0.31       0.34       0.32       0.27       0.48       0.47
       K4       0.18       0.39       0.05       0.02       0.00       0.06       0.05       0.04       0.64       0.61

         Correlation Matrix      

                  K3         K4   
            --------   --------
       K3       1.00
       K4       0.47       1.00
 


 Dissertation - Bitcoin Only Taiwan                                             

 Number of Iterations = 55

 LISREL Estimates (Maximum Likelihood)                           

         Measurement Equations

 
       A3 = 0.89*AT, Errorvar.= 0.21  , Rý = 0.79
                               (0.018)           
                                11.45            
 
       A4 = 0.93*AT, Errorvar.= 0.13  , Rý = 0.87
           (0.030)             (0.014)           
            30.83               8.78             
 
       A5 = 0.91*AT, Errorvar.= 0.17  , Rý = 0.83
           (0.031)             (0.016)           
            29.05               10.54            
 
       B1 = 0.90*BI, Errorvar.= 0.20  , Rý = 0.80
                               (0.020)           
                                10.12            
 
       B2 = 0.79*BI, Errorvar.= 0.38  , Rý = 0.62
           (0.037)             (0.029)           
            21.47               12.97            
 
       B3 = 0.92*BI, Errorvar.= 0.16  , Rý = 0.84
           (0.032)             (0.018)           
            28.59               8.81             
 
       C1 = 0.93*CE, Errorvar.= 0.14  , Rý = 0.86
                               (0.014)           
                                9.58             
 
       C2 = 0.87*CE, Errorvar.= 0.24  , Rý = 0.76
           (0.030)             (0.020)           
            28.72               12.27            
 
       C3 = 0.89*CE, Errorvar.= 0.20  , Rý = 0.80
           (0.029)             (0.017)           
            30.92               11.52            
 
       D1 = 0.91*DC, Errorvar.= 0.17  , Rý = 0.83
                               (0.017)           
                                10.18            
 
       D2 = 0.86*DC, Errorvar.= 0.27  , Rý = 0.73
           (0.033)             (0.022)           
            26.28               12.29            
 
       D3 = 0.89*DC, Errorvar.= 0.21  , Rý = 0.79
           (0.031)             (0.019)           
            28.80               11.26            
 
       E1 = 0.88*PE, Errorvar.= 0.22  , Rý = 0.78
                               (0.022)           
                                10.11            
 
       E2 = 0.93*PE, Errorvar.= 0.13  , Rý = 0.87
           (0.033)             (0.020)           
            27.89               6.60             
 
       E3 = 0.87*PE, Errorvar.= 0.24  , Rý = 0.76
           (0.035)             (0.022)           
            25.17               10.88            
 
       F1 = 0.75*FB, Errorvar.= 0.44  , Rý = 0.56
                               (0.035)           
                                12.66            
 
       F2 = 0.86*FB, Errorvar.= 0.26  , Rý = 0.74
           (0.047)             (0.029)           
            18.27               8.90             
 
       F3 = 0.93*FB, Errorvar.= 0.14  , Rý = 0.86
           (0.050)             (0.029)           
            18.67               4.91             
 
       G1 = 0.85*GD, Errorvar.= 0.28  , Rý = 0.72
                               (0.038)           
                                7.35             
 
       G2 = 0.81*GD, Errorvar.= 0.35  , Rý = 0.65
           (0.050)             (0.038)           
            16.28               9.13             
 
       H1 = 0.37*HD, Errorvar.= 0.86  , Rý = 0.14
                               (0.067)           
                                12.95            
 
       H2 = 0.57*HD, Errorvar.= 0.68  , Rý = 0.32
           (0.12)              (0.088)           
            4.78                7.66             
 
       I1 = 0.91*IU, Errorvar.= 0.17  , Rý = 0.83
                               (0.019)           
                                8.75             
 
       I2 = 0.94*IU, Errorvar.= 0.12  , Rý = 0.88
           (0.030)             (0.018)           
            31.16               6.39             
 
       I3 = 0.85*IU, Errorvar.= 0.27  , Rý = 0.73
           (0.033)             (0.023)           
            26.07               11.94            
 
       J1 = 0.85*JJ, Errorvar.= 0.27  , Rý = 0.73
                               (0.027)           
                                10.16            
 
       J2 = 0.91*JJ, Errorvar.= 0.17  , Rý = 0.83
           (0.040)             (0.025)           
            23.07               6.62             
 
       J3 = 0.84*JJ, Errorvar.= 0.30  , Rý = 0.70
           (0.039)             (0.028)           
            21.33               10.76            
 
       K1 = 0.87*KO, Errorvar.= 0.23  , Rý = 0.77
                               (0.026)           
                                9.07             
 
       K2 = 0.86*KO, Errorvar.= 0.26  , Rý = 0.74
           (0.039)             (0.027)           
            22.22               9.80             
 
       K3 = 0.56*KO, Errorvar.= 0.69  , Rý = 0.31
           (0.045)             (0.049)           
            12.31               14.05            
 
       K4 = 0.75*KO, Errorvar.= 0.44  , Rý = 0.56
           (0.041)             (0.035)           
            18.19               12.65            
 

         Structural Equations

 
       BI = 0.89*TOTAL, Errorvar.= 0.21  , Rý = 0.79
           (0.044)                (0.026)           
            20.02                  8.06             
 
       AT = 0.87*TOTAL, Errorvar.= 0.24  , Rý = 0.76
           (0.045)                (0.027)           
            19.49                  9.13             
 
       CE = 0.96*TOTAL, Errorvar.= 0.085 , Rý = 0.91
           (0.041)                (0.017)           
            23.56                  5.04             
 
       DC = 0.95*TOTAL, Errorvar.= 0.097 , Rý = 0.90
           (0.042)                (0.018)           
            22.61                  5.30             
 
       PE = 0.21*TOTAL, Errorvar.= 0.96  , Rý = 0.043
           (0.051)                (0.083)            
            4.11                   11.49             
 
       FB = 0.29*TOTAL, Errorvar.= 0.92 , Rý = 0.084
           (0.052)                (0.10)            
            5.59                   8.82             
 
       GD = 0.77*TOTAL, Errorvar.= 0.41  , Rý = 0.59
           (0.051)                (0.054)           
            15.09                  7.49             
 
       HD = 0.68*TOTAL, Errorvar.= 0.54 , Rý = 0.46
           (0.13)                 (0.23)           
            5.21                   2.32            
 
       IU = 0.10*TOTAL, Errorvar.= 0.99  , Rý = 0.011
           (0.051)                (0.081)            
            2.05                   12.19             
 
       JJ = 0.069*TOTAL, Errorvar.= 1.00  , Rý = 0.0048
           (0.051)                 (0.093)             
            1.34                    10.69              
 
       KO = 0.76*TOTAL, Errorvar.= 0.42  , Rý = 0.58
           (0.048)                (0.045)           
            15.88                  9.38             
 

         Correlation Matrix of Independent Variables 

               TOTAL   
            --------
                1.00
 

         Covariance Matrix of Latent Variables   

                  BI         AT         CE         DC         PE         FB         GD         HD         IU         JJ   
            --------   --------   --------   --------   --------   --------   --------   --------   --------   --------
       BI       1.00
       AT       0.77       1.00
       CE       0.85       0.83       1.00
       DC       0.85       0.83       0.91       1.00
       PE       0.19       0.18       0.20       0.20       1.00
       FB       0.26       0.25       0.28       0.28       0.06       1.00
       GD       0.69       0.67       0.74       0.73       0.16       0.22       1.00
       HD       0.60       0.59       0.65       0.64       0.14       0.20       0.52       1.00
       IU       0.09       0.09       0.10       0.10       0.02       0.03       0.08       0.07       1.00
       JJ       0.06       0.06       0.07       0.07       0.01       0.02       0.05       0.05       0.01       1.00
       KO       0.68       0.66       0.73       0.72       0.16       0.22       0.59       0.52       0.08       0.05
    TOTAL       0.89       0.87       0.96       0.95       0.21       0.29       0.77       0.68       0.10       0.07

         Covariance Matrix of Latent Variables   

                  KO      TOTAL   
            --------   --------
       KO       1.00
    TOTAL       0.76       1.00


                           Goodness of Fit Statistics

                             Degrees of Freedom = 453
               Minimum Fit Function Chi-Square = 2570.27 (P = 0.0)
       Normal Theory Weighted Least Squares Chi-Square = 3196.44 (P = 0.0)
                Estimated Non-centrality Parameter (NCP) = 2743.44
           90 Percent Confidence Interval for NCP = (2567.80 ; 2926.48)
 
                        Minimum Fit Function Value = 5.87
                Population Discrepancy Function Value (F0) = 6.26
              90 Percent Confidence Interval for F0 = (5.86 ; 6.68)
              Root Mean Square Error of Approximation (RMSEA) = 0.12
             90 Percent Confidence Interval for RMSEA = (0.11 ; 0.12)
               P-Value for Test of Close Fit (RMSEA < 0.05) = 0.00
 
                  Expected Cross-Validation Index (ECVI) = 7.64
             90 Percent Confidence Interval for ECVI = (7.24 ; 8.06)
                         ECVI for Saturated Model = 2.41
                       ECVI for Independence Model = 86.00
 
     Chi-Square for Independence Model with 496 Degrees of Freedom = 37604.31
                           Independence AIC = 37668.31
                               Model AIC = 3346.44
                             Saturated AIC = 1056.00
                           Independence CAIC = 37831.02
                               Model CAIC = 3727.78
                             Saturated CAIC = 3740.62
 
                          Normed Fit Index (NFI) = 0.93
                        Non-Normed Fit Index (NNFI) = 0.94
                     Parsimony Normed Fit Index (PNFI) = 0.85
                        Comparative Fit Index (CFI) = 0.94
                        Incremental Fit Index (IFI) = 0.94
                         Relative Fit Index (RFI) = 0.93
 
                             Critical N (CN) = 90.63
 
 
                      Root Mean Square Residual (RMR) = 0.18
                             Standardized RMR = 0.18
                        Goodness of Fit Index (GFI) = 0.69
                   Adjusted Goodness of Fit Index (AGFI) = 0.63
                  Parsimony Goodness of Fit Index (PGFI) = 0.59

 Dissertation - Bitcoin Only Taiwan                                             

         Fitted Covariance Matrix

                  A3         A4         A5         B1         B2         B3         C1         C2         C3         D1   
            --------   --------   --------   --------   --------   --------   --------   --------   --------   --------
       A3       1.00
       A4       0.83       1.00
       A5       0.81       0.85       1.00
       B1       0.62       0.65       0.63       1.00
       B2       0.54       0.57       0.56       0.71       1.00
       B3       0.63       0.66       0.65       0.82       0.72       1.00
       C1       0.69       0.72       0.70       0.71       0.62       0.72       1.00
       C2       0.64       0.68       0.66       0.66       0.58       0.68       0.81       1.00
       C3       0.66       0.70       0.68       0.68       0.60       0.70       0.83       0.78       1.00
       D1       0.67       0.70       0.69       0.69       0.61       0.71       0.77       0.72       0.74       1.00
       D2       0.63       0.66       0.64       0.65       0.57       0.66       0.72       0.68       0.69       0.78
       D3       0.65       0.69       0.67       0.67       0.59       0.69       0.75       0.70       0.72       0.81
       E1       0.14       0.15       0.15       0.15       0.13       0.15       0.16       0.15       0.16       0.16
       E2       0.15       0.16       0.15       0.15       0.14       0.16       0.17       0.16       0.17       0.17
       E3       0.14       0.15       0.14       0.14       0.13       0.15       0.16       0.15       0.15       0.16
       F1       0.17       0.18       0.17       0.17       0.15       0.18       0.19       0.18       0.19       0.19
       F2       0.19       0.20       0.20       0.20       0.18       0.20       0.22       0.21       0.21       0.22
       F3       0.21       0.22       0.21       0.21       0.19       0.22       0.24       0.22       0.23       0.23
       G1       0.51       0.53       0.52       0.52       0.46       0.53       0.58       0.54       0.56       0.57
       G2       0.48       0.51       0.49       0.50       0.44       0.51       0.55       0.52       0.53       0.54
       H1       0.19       0.20       0.20       0.20       0.18       0.21       0.22       0.21       0.22       0.22
       H2       0.30       0.31       0.31       0.31       0.27       0.31       0.34       0.32       0.33       0.33
       I1       0.07       0.08       0.08       0.08       0.07       0.08       0.08       0.08       0.08       0.08
       I2       0.08       0.08       0.08       0.08       0.07       0.08       0.09       0.08       0.08       0.08
       I3       0.07       0.07       0.07       0.07       0.06       0.07       0.08       0.07       0.08       0.08
       J1       0.05       0.05       0.05       0.05       0.04       0.05       0.05       0.05       0.05       0.05
       J2       0.05       0.05       0.05       0.05       0.04       0.05       0.06       0.05       0.05       0.05
       J3       0.04       0.05       0.05       0.05       0.04       0.05       0.05       0.05       0.05       0.05
       K1       0.52       0.54       0.53       0.53       0.47       0.54       0.59       0.55       0.57       0.58
       K2       0.51       0.53       0.52       0.52       0.46       0.53       0.58       0.54       0.56       0.57
       K3       0.33       0.35       0.34       0.34       0.30       0.35       0.38       0.35       0.36       0.37
       K4       0.44       0.46       0.45       0.45       0.40       0.46       0.51       0.47       0.49       0.49

         Fitted Covariance Matrix

                  D2         D3         E1         E2         E3         F1         F2         F3         G1         G2   
            --------   --------   --------   --------   --------   --------   --------   --------   --------   --------
       D2       1.00
       D3       0.76       1.00
       E1       0.15       0.16       1.00
       E2       0.16       0.16       0.83       1.00
       E3       0.15       0.15       0.77       0.81       1.00
       F1       0.18       0.18       0.04       0.04       0.04       1.00
       F2       0.20       0.21       0.05       0.05       0.05       0.64       1.00
       F3       0.22       0.23       0.05       0.05       0.05       0.69       0.80       1.00
       G1       0.53       0.55       0.12       0.13       0.12       0.14       0.16       0.18       1.00
       G2       0.51       0.53       0.11       0.12       0.11       0.14       0.16       0.17       0.68       1.00
       H1       0.20       0.21       0.05       0.05       0.05       0.05       0.06       0.07       0.16       0.16
       H2       0.31       0.33       0.07       0.07       0.07       0.08       0.10       0.10       0.25       0.24
       I1       0.08       0.08       0.02       0.02       0.02       0.02       0.02       0.03       0.06       0.06
       I2       0.08       0.08       0.02       0.02       0.02       0.02       0.02       0.03       0.06       0.06
       I3       0.07       0.07       0.02       0.02       0.02       0.02       0.02       0.02       0.06       0.06
       J1       0.05       0.05       0.01       0.01       0.01       0.01       0.01       0.02       0.04       0.04
       J2       0.05       0.05       0.01       0.01       0.01       0.01       0.02       0.02       0.04       0.04
       J3       0.05       0.05       0.01       0.01       0.01       0.01       0.01       0.02       0.04       0.04
       K1       0.54       0.56       0.12       0.13       0.12       0.15       0.17       0.18       0.44       0.41
       K2       0.53       0.55       0.12       0.13       0.12       0.14       0.16       0.18       0.43       0.41
       K3       0.35       0.36       0.08       0.08       0.08       0.09       0.11       0.11       0.28       0.26
       K4       0.46       0.48       0.10       0.11       0.10       0.12       0.14       0.15       0.37       0.35

         Fitted Covariance Matrix

                  H1         H2         I1         I2         I3         J1         J2         J3         K1         K2   
            --------   --------   --------   --------   --------   --------   --------   --------   --------   --------
       H1       1.00
       H2       0.21       1.00
       I1       0.02       0.04       1.00
       I2       0.02       0.04       0.86       1.00
       I3       0.02       0.03       0.78       0.80       1.00
       J1       0.01       0.02       0.01       0.01       0.01       1.00
       J2       0.02       0.02       0.01       0.01       0.01       0.78       1.00
       J3       0.01       0.02       0.01       0.01       0.01       0.71       0.76       1.00
       K1       0.17       0.26       0.06       0.07       0.06       0.04       0.04       0.04       1.00
       K2       0.16       0.25       0.06       0.06       0.06       0.04       0.04       0.04       0.75       1.00
       K3       0.11       0.16       0.04       0.04       0.04       0.03       0.03       0.02       0.49       0.48
       K4       0.14       0.22       0.05       0.06       0.05       0.03       0.04       0.03       0.65       0.64

         Fitted Covariance Matrix

                  K3         K4   
            --------   --------
       K3       1.00
       K4       0.42       1.00

         Fitted Residuals

                  A3         A4         A5         B1         B2         B3         C1         C2         C3         D1   
            --------   --------   --------   --------   --------   --------   --------   --------   --------   --------
       A3       0.00
       A4       0.01       0.00
       A5      -0.02       0.00       0.00
       B1       0.00       0.00       0.03       0.00
       B2      -0.01      -0.01       0.00       0.03       0.00
       B3       0.02       0.00       0.03       0.00      -0.02       0.00
       C1       0.02      -0.02       0.03      -0.04      -0.06       0.01       0.00
       C2       0.02      -0.02       0.03       0.05       0.12       0.08      -0.01       0.00
       C3       0.04       0.01       0.06      -0.02      -0.10       0.02       0.03      -0.03       0.00
       D1      -0.03      -0.04       0.00       0.01      -0.01       0.02       0.02       0.04       0.03       0.00
       D2      -0.02      -0.05       0.01       0.01       0.11       0.01      -0.05       0.08      -0.06      -0.01
       D3      -0.02      -0.02       0.02      -0.04      -0.03      -0.01       0.03       0.02       0.01      -0.01
       E1      -0.01      -0.02      -0.04      -0.12      -0.06      -0.06      -0.04      -0.07      -0.09      -0.04
       E2       0.05       0.04       0.03      -0.08      -0.08      -0.03       0.00      -0.04      -0.02      -0.01
       E3       0.06       0.04       0.04      -0.09      -0.10      -0.02       0.03      -0.03       0.03       0.05
       F1       0.14       0.12       0.11       0.06       0.12       0.07       0.10       0.13       0.08       0.13
       F2      -0.07      -0.09      -0.09      -0.04       0.16      -0.07      -0.10       0.01      -0.13      -0.03
       F3      -0.07      -0.09      -0.11      -0.07       0.08      -0.09      -0.09      -0.04      -0.12      -0.01
       G1      -0.02      -0.04      -0.01       0.00       0.04       0.00      -0.04       0.01      -0.04       0.02
       G2       0.00      -0.02       0.01      -0.04      -0.05       0.00      -0.01      -0.03       0.04      -0.02
       H1      -0.01      -0.05      -0.03      -0.12       0.04      -0.09      -0.05      -0.01      -0.09       0.02
       H2      -0.03      -0.03      -0.02       0.02       0.09      -0.01      -0.06       0.02      -0.10      -0.03
       I1       0.02       0.02       0.05      -0.06       0.00      -0.06      -0.01      -0.01      -0.04       0.04
       I2      -0.02      -0.03       0.00      -0.12      -0.01      -0.11      -0.05      -0.03      -0.12      -0.01
       I3      -0.03      -0.05      -0.02      -0.05       0.07      -0.06      -0.03      -0.01      -0.13       0.02
       J1      -0.03      -0.06      -0.02      -0.04       0.09      -0.03      -0.05       0.01      -0.10       0.02
       J2      -0.04      -0.07      -0.05      -0.11       0.05      -0.09      -0.07      -0.02      -0.11       0.00
       J3       0.00      -0.03       0.01      -0.08       0.06      -0.05       0.00       0.02      -0.06       0.06
       K1      -0.01      -0.02       0.01      -0.04      -0.04      -0.02      -0.09      -0.01      -0.06      -0.03
       K2       0.02       0.03       0.07      -0.04      -0.05      -0.02      -0.04      -0.04      -0.03      -0.02
       K3      -0.03      -0.07      -0.04       0.04       0.15      -0.02      -0.09       0.02      -0.14       0.01
       K4       0.07       0.09       0.10       0.02       0.07       0.05       0.05       0.09       0.01       0.03

         Fitted Residuals

                  D2         D3         E1         E2         E3         F1         F2         F3         G1         G2   
            --------   --------   --------   --------   --------   --------   --------   --------   --------   --------
       D2       0.00
       D3       0.02       0.00
       E1      -0.05      -0.02       0.00
       E2      -0.04      -0.03       0.00       0.00
       E3      -0.04       0.00       0.00       0.00       0.00
       F1       0.12       0.10       0.50       0.47       0.46       0.00
       F2       0.04      -0.02       0.36       0.31       0.30      -0.01       0.00
       F3      -0.02      -0.03       0.41       0.37       0.33       0.00       0.00       0.00
       G1      -0.02      -0.03      -0.04      -0.01       0.01       0.13       0.12       0.08       0.00
       G2      -0.04      -0.01      -0.03       0.02       0.05       0.10       0.04       0.00       0.00       0.00
       H1       0.03      -0.02       0.52       0.48       0.46       0.60       0.50       0.54       0.07       0.04
       H2      -0.02      -0.02       0.11       0.15       0.11       0.09       0.11       0.07       0.19       0.11
       I1       0.00       0.02       0.50       0.48       0.43       0.37       0.36       0.39      -0.04       0.02
       I2       0.00       0.00       0.56       0.52       0.48       0.40       0.42       0.42      -0.05      -0.04
       I3       0.04      -0.01       0.47       0.41       0.38       0.35       0.39       0.40      -0.04      -0.06
       J1       0.03      -0.05       0.42       0.43       0.40       0.35       0.42       0.40      -0.03      -0.05
       J2      -0.02      -0.05       0.43       0.39       0.37       0.36       0.47       0.43       0.00      -0.03
       J3       0.04       0.02       0.46       0.45       0.46       0.39       0.42       0.46       0.02       0.01
       K1       0.01      -0.04       0.00       0.05       0.03       0.27       0.11       0.12       0.08       0.08
       K2      -0.01      -0.03       0.00       0.04       0.04       0.26       0.07       0.09       0.08       0.08
       K3       0.08      -0.04       0.00      -0.04      -0.05       0.28       0.33       0.32       0.07      -0.02
       K4       0.08       0.05      -0.02      -0.01       0.02       0.16       0.05       0.03       0.17       0.17

         Fitted Residuals

                  H1         H2         I1         I2         I3         J1         J2         J3         K1         K2   
            --------   --------   --------   --------   --------   --------   --------   --------   --------   --------
       H1       0.00
       H2       0.00       0.00
       I1       0.50       0.24       0.00
       I2       0.55       0.20       0.00       0.00
       I3       0.48       0.27       0.00       0.00       0.00
       J1       0.49       0.26       0.65       0.65       0.68       0.00
       J2       0.47       0.28       0.65       0.63       0.67       0.00       0.00
       J3       0.51       0.25       0.63       0.66       0.65       0.00       0.00       0.00
       K1       0.12       0.07       0.04       0.04       0.02       0.10       0.06       0.11       0.00
       K2       0.13       0.07       0.11       0.06       0.05       0.04       0.03       0.08       0.02       0.00
       K3       0.21       0.12       0.19       0.18       0.27       0.31       0.29       0.25      -0.01      -0.01
       K4       0.03       0.17      -0.01      -0.03      -0.05       0.02       0.01       0.01      -0.01      -0.04

         Fitted Residuals

                  K3         K4   
            --------   --------
       K3       0.00
       K4       0.05       0.00

 Summary Statistics for Fitted Residuals

 Smallest Fitted Residual =   -0.14
   Median Fitted Residual =    0.00
  Largest Fitted Residual =    0.68

 Stemleaf Plot

 - 1|43322222111100000 
 - 0|999999999999888777777776666666666665555555555555555555 
 - 0|4444444444444444444444444444444443333333333333333333333333333322222222222222222222222222222222221111111111111111111111111111+75
   0|111111111111111111111222222222222222222222222222222333333333333333333344444444444444444444 
   0|5555555555555666666677777777777888888888888999999 
   1|000001111111112222222233334 
   1|5566777899 
   2|014 
   2|5566777889 
   3|011233 
   3|5566677789999 
   4|000011222223333 
   4|566666777788889 
   5|00001224 
   5|56 
   6|033 
   6|5555678

         Standardized Residuals  

                  A3         A4         A5         B1         B2         B3         C1         C2         C3         D1   
            --------   --------   --------   --------   --------   --------   --------   --------   --------   --------
       A3        - -
       A4       3.96        - -
       A5      -4.25       0.38        - -
       B1       0.14      -0.11       1.81        - -
       B2      -0.62      -0.52       0.11       2.95        - -
       B3       1.10       0.00       1.93      -0.31      -2.62        - -
       C1       1.28      -1.60       2.58      -3.32      -3.32       1.36        - -
       C2       1.09      -1.12       2.06       3.46       6.11       5.34      -2.23        - -
       C3       2.64       0.66       4.32      -1.53      -5.25       1.23       6.55      -4.43        - -
       D1      -1.73      -3.49       0.27       0.79      -0.59       1.82       2.73       2.93       2.87        - -
       D2      -1.17      -3.16       0.83       0.42       5.35       0.77      -4.46       5.14      -4.28      -0.95
       D3      -0.99      -1.68       1.07      -3.01      -1.42      -0.97       3.18       1.17       1.06      -1.72
       E1      -0.30      -0.72      -1.20      -3.96      -1.60      -1.93      -1.54      -2.37      -3.22      -1.34
       E2       1.73       1.49       1.19      -2.96      -2.37      -1.18      -0.15      -1.46      -0.77      -0.50
       E3       1.80       1.30       1.38      -2.91      -2.86      -0.63       1.22      -0.98       0.89       1.84
       F1       3.89       3.31       3.20       1.83       3.12       1.89       2.99       3.69       2.43       4.01
       F2      -2.19      -3.10      -2.83      -1.40       4.44      -2.37      -3.96       0.27      -4.67      -1.16
       F3      -2.26      -3.22      -3.89      -2.47       2.49      -3.37      -4.09      -1.41      -5.10      -0.53
       G1      -0.83      -1.90      -0.58      -0.22       1.44      -0.19      -2.68       0.74      -2.29       1.16
       G2       0.13      -0.97       0.58      -2.05      -1.95      -0.20      -0.42      -1.47       2.02      -1.28
       H1      -0.46      -1.99      -1.05      -4.43       1.10      -3.65      -2.41      -0.38      -4.18       1.01
       H2      -1.08      -1.30      -0.83       0.75       2.87      -0.26      -3.09       0.90      -4.61      -1.68
       I1       0.78       0.58       1.60      -1.97       0.07      -1.96      -0.30      -0.42      -1.61       1.66
       I2      -0.52      -1.24      -0.08      -4.19      -0.31      -3.93      -2.21      -1.29      -4.69      -0.52
       I3      -0.99      -1.59      -0.55      -1.63       1.84      -1.75      -1.23      -0.44      -4.21       0.69
       J1      -0.77      -1.95      -0.60      -1.17       2.49      -0.79      -1.93       0.39      -3.23       0.66
       J2      -1.39      -2.42      -1.80      -3.83       1.44      -3.04      -3.06      -0.71      -4.15       0.13
       J3       0.00      -1.05       0.33      -2.42       1.53      -1.65      -0.02       0.66      -2.13       2.01
       K1      -0.55      -1.11       0.46      -1.72      -1.45      -1.05      -5.38      -0.32      -3.35      -1.74
       K2       0.75       1.25       3.00      -1.70      -1.78      -1.17      -2.42      -2.12      -1.39      -0.95
       K3      -0.89      -2.30      -1.39       1.11       4.22      -0.55      -3.23       0.57      -4.96       0.20
       K4       2.71       3.64       3.81       0.57       2.37       2.13       2.16       3.65       0.54       1.24

         Standardized Residuals  

                  D2         D3         E1         E2         E3         F1         F2         F3         G1         G2   
            --------   --------   --------   --------   --------   --------   --------   --------   --------   --------
       D2        - -
       D3       2.72        - -
       E1      -1.54      -0.72        - -
       E2      -1.58      -1.18       1.43        - -
       E3      -1.19       0.08       0.38      -1.79        - -
       F1       3.43       3.01      10.73      10.22       9.95        - -
       F2       1.29      -0.86       7.96       6.84       6.48      -2.91        - -
       F3      -0.67      -1.33       8.93       8.12       7.32      -1.01       5.56        - -
       G1      -1.26      -1.48      -0.95      -0.39       0.16       3.25       3.24       2.45        - -
       G2      -1.78      -0.52      -0.67       0.50       1.32       2.56       0.94       0.10        - -        - -
       H1       1.17      -0.94      11.36      10.50      10.04      13.11      11.23      12.13       2.04       1.23
       H2      -0.87      -0.72       2.56       3.45       2.54       2.04       2.57       1.73       5.91       3.15
       I1      -0.10       0.80      10.75      10.20       9.17       7.91       7.87       8.46      -1.19       0.55
       I2       0.13      -0.18      11.95      11.06      10.16       8.53       9.13       9.23      -1.38      -0.96
       I3       1.30      -0.19      10.11       8.72       8.15       7.51       8.47       8.76      -1.07      -1.48
       J1       0.79      -1.82       8.89       9.19       8.57       7.51       9.03       8.57      -0.80      -1.40
       J2      -0.78      -1.94       9.07       8.39       7.83       7.75      10.06       9.31       0.13      -0.70
       J3       1.26       0.78       9.85       9.64       9.87       8.43       9.07       9.95       0.57       0.38
       K1       0.36      -2.33      -0.07       1.30       0.91       6.86       3.16       3.39       2.86       3.09
       K2      -0.50      -1.53       0.07       1.01       1.03       6.51       1.86       2.49       2.82       2.86
       K3       2.60      -1.37       0.11      -0.83      -1.22       6.31       7.70       7.64       1.86      -0.43
       K4       3.11       1.96      -0.42      -0.25       0.60       3.87       1.28       0.78       5.46       5.38

         Standardized Residuals  

                  H1         H2         I1         I2         I3         J1         J2         J3         K1         K2   
            --------   --------   --------   --------   --------   --------   --------   --------   --------   --------
       H1        - -
       H2        - -        - -
       I1      10.91       5.52        - -
       I2      11.85       4.57      -0.06        - -
       I3      10.38       6.07      -1.61       1.77        - -
       J1      10.46       5.81      13.64      13.60      14.38        - -
       J2      10.24       6.43      13.58      13.27      14.11       1.62        - -
       J3      10.90       5.58      13.24      13.96      13.77      -1.56       0.20        - -
       K1       3.51       2.27       1.01       1.01       0.47       2.64       1.55       2.90        - -
       K2       3.72       2.25       2.93       1.61       1.25       1.06       0.87       1.95       4.65        - -
       K3       5.12       2.96       4.49       4.16       6.24       7.08       6.76       5.66      -0.60      -0.49
       K4       0.92       4.73      -0.18      -0.88      -1.21       0.53       0.25       0.29      -1.43      -3.55

         Standardized Residuals  

                  K3         K4   
            --------   --------
       K3        - -
       K4       2.04        - -

 Summary Statistics for Standardized Residuals

 Smallest Standardized Residual =   -5.38
   Median Standardized Residual =    0.20
  Largest Standardized Residual =   14.38

 Stemleaf Plot

 - 5|4210 
 - 4|776544322221100 
 - 3|998765443322222111000 
 - 2|9998765444444433332221100000 
 - 1|999998888887777777766666666555555554444444444433333322222222222221111110000000000 
 - 0|999999888888887777777666666665555555555444444433333322222222111110000000000000000000000000000000000000 
   0|1111111111122233333444444555556666666777777788888888999999 
   1|0000011111112222222223333333334444455666677788888889999 
   2|0000000112334445555666666677789999999 
   3|000001112222223444556677899 
   4|0022345667 
   5|113345566789 
   6|11234555889 
   7|1355678899 
   8|01244555667899 
   9|01112223689 
  10|0001122224557899 
  11|1249 
  12|01 
  13|1236668 
  14|014
 Largest Negative Standardized Residuals
 Residual for       A5 and       A3  -4.25
 Residual for       B3 and       B2  -2.62
 Residual for       C1 and       B1  -3.32
 Residual for       C1 and       B2  -3.32
 Residual for       C3 and       B2  -5.25
 Residual for       C3 and       C2  -4.43
 Residual for       D1 and       A4  -3.49
 Residual for       D2 and       A4  -3.16
 Residual for       D2 and       C1  -4.46
 Residual for       D2 and       C3  -4.28
 Residual for       D3 and       B1  -3.01
 Residual for       E1 and       B1  -3.96
 Residual for       E1 and       C3  -3.22
 Residual for       E2 and       B1  -2.96
 Residual for       E3 and       B1  -2.91
 Residual for       E3 and       B2  -2.86
 Residual for       F2 and       A4  -3.10
 Residual for       F2 and       A5  -2.83
 Residual for       F2 and       C1  -3.96
 Residual for       F2 and       C3  -4.67
 Residual for       F2 and       F1  -2.91
 Residual for       F3 and       A4  -3.22
 Residual for       F3 and       A5  -3.89
 Residual for       F3 and       B3  -3.37
 Residual for       F3 and       C1  -4.09
 Residual for       F3 and       C3  -5.10
 Residual for       G1 and       C1  -2.68
 Residual for       H1 and       B1  -4.43
 Residual for       H1 and       B3  -3.65
 Residual for       H1 and       C3  -4.18
 Residual for       H2 and       C1  -3.09
 Residual for       H2 and       C3  -4.61
 Residual for       I2 and       B1  -4.19
 Residual for       I2 and       B3  -3.93
 Residual for       I2 and       C3  -4.69
 Residual for       I3 and       C3  -4.21
 Residual for       J1 and       C3  -3.23
 Residual for       J2 and       B1  -3.83
 Residual for       J2 and       B3  -3.04
 Residual for       J2 and       C1  -3.06
 Residual for       J2 and       C3  -4.15
 Residual for       K1 and       C1  -5.38
 Residual for       K1 and       C3  -3.35
 Residual for       K3 and       C1  -3.23
 Residual for       K3 and       C3  -4.96
 Residual for       K4 and       K2  -3.55
 Largest Positive Standardized Residuals
 Residual for       A4 and       A3   3.96
 Residual for       B2 and       B1   2.95
 Residual for       C1 and       A5   2.58
 Residual for       C2 and       B1   3.46
 Residual for       C2 and       B2   6.11
 Residual for       C2 and       B3   5.34
 Residual for       C3 and       A3   2.64
 Residual for       C3 and       A5   4.32
 Residual for       C3 and       C1   6.55
 Residual for       D1 and       C1   2.73
 Residual for       D1 and       C2   2.93
 Residual for       D1 and       C3   2.87
 Residual for       D2 and       B2   5.35
 Residual for       D2 and       C2   5.14
 Residual for       D3 and       C1   3.18
 Residual for       D3 and       D2   2.72
 Residual for       F1 and       A3   3.89
 Residual for       F1 and       A4   3.31
 Residual for       F1 and       A5   3.20
 Residual for       F1 and       B2   3.12
 Residual for       F1 and       C1   2.99
 Residual for       F1 and       C2   3.69
 Residual for       F1 and       D1   4.01
 Residual for       F1 and       D2   3.43
 Residual for       F1 and       D3   3.01
 Residual for       F1 and       E1  10.73
 Residual for       F1 and       E2  10.22
 Residual for       F1 and       E3   9.95
 Residual for       F2 and       B2   4.44
 Residual for       F2 and       E1   7.96
 Residual for       F2 and       E2   6.84
 Residual for       F2 and       E3   6.48
 Residual for       F3 and       E1   8.93
 Residual for       F3 and       E2   8.12
 Residual for       F3 and       E3   7.32
 Residual for       F3 and       F2   5.56
 Residual for       G1 and       F1   3.25
 Residual for       G1 and       F2   3.24
 Residual for       H1 and       E1  11.36
 Residual for       H1 and       E2  10.50
 Residual for       H1 and       E3  10.04
 Residual for       H1 and       F1  13.11
 Residual for       H1 and       F2  11.23
 Residual for       H1 and       F3  12.13
 Residual for       H2 and       B2   2.87
 Residual for       H2 and       E2   3.45
 Residual for       H2 and       G1   5.91
 Residual for       H2 and       G2   3.15
 Residual for       I1 and       E1  10.75
 Residual for       I1 and       E2  10.20
 Residual for       I1 and       E3   9.17
 Residual for       I1 and       F1   7.91
 Residual for       I1 and       F2   7.87
 Residual for       I1 and       F3   8.46
 Residual for       I1 and       H1  10.91
 Residual for       I1 and       H2   5.52
 Residual for       I2 and       E1  11.95
 Residual for       I2 and       E2  11.06
 Residual for       I2 and       E3  10.16
 Residual for       I2 and       F1   8.53
 Residual for       I2 and       F2   9.13
 Residual for       I2 and       F3   9.23
 Residual for       I2 and       H1  11.85
 Residual for       I2 and       H2   4.57
 Residual for       I3 and       E1  10.11
 Residual for       I3 and       E2   8.72
 Residual for       I3 and       E3   8.15
 Residual for       I3 and       F1   7.51
 Residual for       I3 and       F2   8.47
 Residual for       I3 and       F3   8.76
 Residual for       I3 and       H1  10.38
 Residual for       I3 and       H2   6.07
 Residual for       J1 and       E1   8.89
 Residual for       J1 and       E2   9.19
 Residual for       J1 and       E3   8.57
 Residual for       J1 and       F1   7.51
 Residual for       J1 and       F2   9.03
 Residual for       J1 and       F3   8.57
 Residual for       J1 and       H1  10.46
 Residual for       J1 and       H2   5.81
 Residual for       J1 and       I1  13.64
 Residual for       J1 and       I2  13.60
 Residual for       J1 and       I3  14.38
 Residual for       J2 and       E1   9.07
 Residual for       J2 and       E2   8.39
 Residual for       J2 and       E3   7.83
 Residual for       J2 and       F1   7.75
 Residual for       J2 and       F2  10.06
 Residual for       J2 and       F3   9.31
 Residual for       J2 and       H1  10.24
 Residual for       J2 and       H2   6.43
 Residual for       J2 and       I1  13.58
 Residual for       J2 and       I2  13.27
 Residual for       J2 and       I3  14.11
 Residual for       J3 and       E1   9.85
 Residual for       J3 and       E2   9.64
 Residual for       J3 and       E3   9.87
 Residual for       J3 and       F1   8.43
 Residual for       J3 and       F2   9.07
 Residual for       J3 and       F3   9.95
 Residual for       J3 and       H1  10.90
 Residual for       J3 and       H2   5.58
 Residual for       J3 and       I1  13.24
 Residual for       J3 and       I2  13.96
 Residual for       J3 and       I3  13.77
 Residual for       K1 and       F1   6.86
 Residual for       K1 and       F2   3.16
 Residual for       K1 and       F3   3.39
 Residual for       K1 and       G1   2.86
 Residual for       K1 and       G2   3.09
 Residual for       K1 and       H1   3.51
 Residual for       K1 and       J1   2.64
 Residual for       K1 and       J3   2.90
 Residual for       K2 and       A5   3.00
 Residual for       K2 and       F1   6.51
 Residual for       K2 and       G1   2.82
 Residual for       K2 and       G2   2.86
 Residual for       K2 and       H1   3.72
 Residual for       K2 and       I1   2.93
 Residual for       K2 and       K1   4.65
 Residual for       K3 and       B2   4.22
 Residual for       K3 and       D2   2.60
 Residual for       K3 and       F1   6.31
 Residual for       K3 and       F2   7.70
 Residual for       K3 and       F3   7.64
 Residual for       K3 and       H1   5.12
 Residual for       K3 and       H2   2.96
 Residual for       K3 and       I1   4.49
 Residual for       K3 and       I2   4.16
 Residual for       K3 and       I3   6.24
 Residual for       K3 and       J1   7.08
 Residual for       K3 and       J2   6.76
 Residual for       K3 and       J3   5.66
 Residual for       K4 and       A3   2.71
 Residual for       K4 and       A4   3.64
 Residual for       K4 and       A5   3.81
 Residual for       K4 and       C2   3.65
 Residual for       K4 and       D2   3.11
 Residual for       K4 and       F1   3.87
 Residual for       K4 and       G1   5.46
 Residual for       K4 and       G2   5.38
 Residual for       K4 and       H2   4.73

        The Modification Indices Suggest to Add the
  Path to  from      Decrease in Chi-Square    New Estimate
 A4        CE                 16.3                -0.22
 A4        DC                 17.0                -0.23
 A5        CE                 15.9                 0.22
 A5        DC                 12.6                 0.20
 B1        PE                  9.3                -0.08
 B1        JJ                  9.1                -0.08
 B2        FB                 25.2                 0.17
 B2        HD                 10.4                 0.23
 B2        JJ                 13.3                 0.12
 B3        CE                 18.9                 0.35
 B3        FB                  9.9                -0.08
 C1        BI                 10.7                -0.19
 C1        HD                  8.4                -0.16
 C1        KO                 11.9                -0.13
 C2        BI                 52.8                 0.47
 C2        DC                 23.0                 0.46
 C2        HD                 11.6                 0.23
 C3        FB                 14.2                -0.10
 C3        HD                 26.6                -0.32
 C3        IU                 14.6                -0.10
 C3        JJ                 14.4                -0.10
 D1        CE                 16.0                 0.41
 D2        CE                 11.4                -0.35
 D3        BI                  9.3                -0.20
 E1        FB                 14.8                 0.10
 E1        IU                 21.6                 0.12
 E1        JJ                  9.0                 0.08
 F1        BI                 17.6                 0.15
 F1        AT                 37.7                 0.22
 F1        CE                 30.7                 0.20
 F1        DC                 25.1                 0.18
 F1        PE                 47.3                 0.24
 F1        GD                 12.0                 0.13
 F1        HD                 28.6                 0.25
 F1        KO                 36.7                 0.22
 F2        JJ                 12.7                 0.11
 F3        BI                  8.6                -0.09
 F3        AT                 11.0                -0.10
 F3        CE                  9.0                -0.09
 G1        CE                  8.0                -0.53
 G1        FB                 10.0                 0.11
 G1        HD                 23.9                 0.43
 H1        BI                 16.1                -0.53
 H1        CE                 10.4                -0.84
 H1        PE                122.9                 0.54
 H1        FB                168.1                 0.66
 H1        IU                129.0                 0.54
 H1        JJ                113.7                 0.51
 H1        KO                 14.4                 0.32
 H2        CE                 11.2                -0.84
 H2        GD                 27.9                 0.47
 H2        IU                 16.1                 0.18
 H2        JJ                 27.5                 0.24
 H2        KO                 10.0                 0.25
 I2        PE                 20.4                 0.10
 I2        FB                  8.3                 0.07
 I3        JJ                 24.3                 0.14
 J1        IU                 16.2                 0.12
 J3        PE                 19.6                 0.14
 J3        FB                 11.8                 0.11
 J3        IU                 16.6                 0.12
 K1        CE                 10.0                -0.18
 K3        FB                 51.2                 0.31
 K3        IU                 23.3                 0.20
 K3        JJ                 48.6                 0.30
 K4        BI                 10.6                 0.18
 K4        AT                 16.9                 0.21
 K4        CE                 19.3                 0.26
 K4        DC                 14.0                 0.22
 K4        GD                 26.5                 0.26
 K4        HD                 16.6                 0.26
 BI        PE                 11.2                -0.10
 BI        IU                 11.7                -0.10
 AT        DC                  8.3                -0.48
 AT        FB                  8.1                -0.09
 CE        DC                 16.5                 0.67
 CE        FB                 20.9                -0.12
 CE        HD                 23.7                -0.31
 CE        IU                 13.3                -0.09
 CE        JJ                 14.9                -0.09
 CE        KO                 19.3                -0.20
 DC        AT                  8.3                -0.19
 DC        CE                 16.5                 0.77
 PE        BI                 11.2                -0.46
 PE        FB                 91.5                 0.51
 PE        HD                 61.8                 1.03
 PE        IU                138.6                 0.59
 PE        JJ                107.8                 0.53
 FB        AT                  8.1                -0.34
 FB        CE                 20.9                -1.25
 FB        PE                 91.5                 0.49
 FB        HD                 60.9                 1.02
 FB        IU                101.4                 0.50
 FB        JJ                118.2                 0.55
 FB        KO                 26.2                 0.45
 GD        HD                 30.3                 0.58
 GD        KO                 25.6                 0.36
 HD        CE                 23.7                -1.95
 HD        PE                 61.8                 0.58
 HD        FB                 60.9                 0.60
 HD        GD                 30.3                 0.77
 HD        IU                100.8                 0.73
 HD        JJ                115.6                 0.79
 HD        KO                 24.9                 0.64
 IU        BI                 11.7                -0.48
 IU        CE                 13.3                -1.01
 IU        PE                138.6                 0.61
 IU        FB                101.4                 0.54
 IU        HD                100.8                 1.33
 IU        JJ                246.7                 0.81
 JJ        CE                 14.9                -1.10
 JJ        PE                107.8                 0.55
 JJ        FB                118.2                 0.60
 JJ        HD                115.6                 1.45
 JJ        IU                246.7                 0.82
 JJ        KO                  8.3                 0.26
 KO        CE                 19.3                -0.96
 KO        FB                 26.2                 0.21
 KO        GD                 25.6                 0.37
 KO        HD                 24.9                 0.49
 KO        JJ                  8.3                 0.11

 The Modification Indices Suggest to Add an Error Covariance
  Between    and     Decrease in Chi-Square    New Estimate
 DC        AT                  8.3                -0.05
 DC        CE                 16.5                 0.07
 PE        BI                 11.2                -0.10
 FB        AT                  8.1                -0.08
 FB        CE                 20.9                -0.11
 FB        PE                 91.5                 0.47
 HD        CE                 23.7                -0.17
 HD        PE                 61.8                 0.56
 HD        FB                 60.9                 0.55
 HD        GD                 30.3                 0.31
 IU        BI                 11.7                -0.10
 IU        CE                 13.3                -0.09
 IU        PE                138.6                 0.59
 IU        FB                101.4                 0.50
 IU        HD                100.8                 0.72
 JJ        CE                 14.9                -0.09
 JJ        PE                107.8                 0.53
 JJ        FB                118.2                 0.55
 JJ        HD                115.6                 0.79
 JJ        IU                246.7                 0.81
 KO        CE                 19.3                -0.08
 KO        FB                 26.2                 0.19
 KO        GD                 25.6                 0.15
 KO        HD                 24.9                 0.27
 KO        JJ                  8.3                 0.11
 A4        A3                 15.7                 0.07
 A5        A3                 18.1                -0.07
 B2        B1                  8.7                 0.06
 C1        B2                  9.8                -0.04
 C2        B2                 46.7                 0.11
 C3        B2                 39.3                -0.10
 C3        C1                 42.8                 0.10
 C3        C2                 19.6                -0.07
 D2        B2                 46.6                 0.12
 D2        C1                 24.4                -0.06
 D2        C2                 41.0                 0.09
 D2        C3                 18.5                -0.06
 D3        C1                 16.1                 0.05
 E1        B2                 10.0                 0.05
 E1        C3                 14.0                -0.05
 E3        B2                  9.4                -0.05
 E3        D1                 13.5                 0.05
 F1        B2                 10.0                -0.07
 F2        B2                 27.6                 0.10
 F2        C1                  9.1                -0.04
 F2        C2                 10.9                 0.05
 F2        D2                 13.6                 0.06
 F2        F1                  8.5                -0.20
 F3        F2                 30.9                 0.69
 G1        B2                  8.0                 0.06
 G1        C3                  9.4                -0.05
 G2        C2                 10.4                -0.06
 G2        C3                 13.7                 0.06
 H1        B1                 11.9                -0.08
 H1        B2                  8.0                 0.08
 H1        C3                  9.0                -0.07
 H1        E1                 21.8                 0.12
 H1        F1                 27.9                 0.17
 H1        F3                  9.3                 0.08
 H2        C3                 12.1                -0.08
 H2        G1                 22.8                 0.14
 I1        C3                  9.8                 0.04
 I1        D2                 15.1                -0.05
 I1        G2                  8.7                 0.05
 I2        H1                 20.0                 0.10
 I3        B2                 11.5                 0.06
 I3        C3                 15.5                -0.05
 I3        H2                 11.0                 0.08
 J1        D3                  8.0                -0.04
 J2        F2                 12.3                 0.05
 J3        E3                  9.0                 0.05
 J3        F3                 11.1                 0.05
 J3        H1                 11.9                 0.10
 J3        I2                 12.3                 0.05
 K1        C1                 12.8                -0.05
 K2        C2                 17.4                -0.06
 K2        I1                  7.9                 0.04
 K2        K1                 21.6                 0.14
 K3        B2                 33.4                 0.15
 K3        B3                  8.4                -0.06
 K3        C2                  8.8                 0.06
 K3        C3                 28.9                -0.11
 K3        D2                 13.9                 0.09
 K3        E1                  7.9                 0.06
 K3        F2                 10.6                 0.08
 K3        F3                  9.3                 0.07
 K3        H1                 16.0                 0.16
 K3        I3                 29.7                 0.13
 K4        H2                 10.1                 0.10
 K4        K2                 12.6                -0.09

                           Time used:    0.218 Seconds
